#
# A fatal error has been detected by the Java Runtime Environment:
#
#  EXCEPTION_ACCESS_VIOLATION (0xc0000005) at pc=0x00007ffa3c8e9449, pid=32668, tid=34076
#
# JRE version: Java(TM) SE Runtime Environment (17.0.1+12) (build 17.0.1+12-LTS-39)
# Java VM: Java HotSpot(TM) 64-Bit Server VM (17.0.1+12-LTS-39, mixed mode, sharing, tiered, compressed oops, compressed class ptrs, g1 gc, windows-amd64)
# Problematic frame:
# C  [steamworks4j64.dll+0x9449]
#
# No core dump will be written. Minidumps are not enabled by default on client versions of Windows
#
# If you would like to submit a bug report, please visit:
#   https://bugreport.java.com/bugreport/crash.jsp
# The crash happened outside the Java Virtual Machine in native code.
# See problematic frame for where to report the bug.
#

---------------  S U M M A R Y ------------

Command Line: -XX:+UnlockExperimentalVMOptions -XX:+UseG1GC -XX:G1NewSizePercent=20 -XX:G1ReservePercent=20 -XX:MaxGCPauseMillis=50 -XX:G1HeapRegionSize=32M -Xms512m -Xmx3G -Dfile.encoding=windows-1252 -Duser.country=US -Duser.language=en -Duser.variant StartSteamClient -mod build/jar

Host: Intel(R) Core(TM) i7-10700KF CPU @ 3.80GHz, 16 cores, 31G,  Windows 10 , 64 bit Build 19041 (10.0.19041.5198)
Time: Thu Feb  6 22:48:39 2025 Eastern Standard Time elapsed time: 362.850939 seconds (0d 0h 6m 2s)

---------------  T H R E A D  ---------------

Current thread (0x0000013ec32b20f0):  JavaThread "Server Thread" [_thread_in_native, id=34076, stack(0x0000003b4b700000,0x0000003b4b800000)]

Stack: [0x0000003b4b700000,0x0000003b4b800000],  sp=0x0000003b4b7fea80,  free space=1018k
Native frames: (J=compiled Java code, j=interpreted, Vv=VM code, C=native code)
C  [steamworks4j64.dll+0x9449]

Java frames: (J=compiled Java code, j=interpreted, Vv=VM code)
J 17022  com.codedisaster.steamworks.SteamFriendsNative.getPersonaName()Ljava/lang/String; (0 bytes) @ 0x0000013eaff311e6 [0x0000013eaff311a0+0x0000000000000046]
J 21098 c2 com.codedisaster.steamworks.SteamFriends.getPersonaName()Ljava/lang/String; (4 bytes) @ 0x0000013eb0431654 [0x0000013eb0431620+0x0000000000000034]
J 20993 c2 necesse.reports.CrashReportData.<init>(Ljava/util/List;Lnecesse/engine/network/client/Client;Lnecesse/engine/network/server/Server;Ljava/lang/String;)V (894 bytes) @ 0x0000013eb03ae7d4 [0x0000013eb03adf00+0x00000000000008d4]
J 21083 c2 necesse.engine.GameCrashLog.printCrashLog(Ljava/util/List;Lnecesse/engine/network/client/Client;Lnecesse/engine/network/server/Server;Ljava/lang/String;Z)V (132 bytes) @ 0x0000013eb041c618 [0x0000013eb041bb40+0x0000000000000ad8]
J 21084 c2 necesse.engine.gameLoop.ServerGameLoop$$Lambda$2353+0x0000000801646000.run()V (8 bytes) @ 0x0000013eb0420afc [0x0000013eb04206c0+0x000000000000043c]
J 16794 c1 necesse.engine.GameExceptionHandler.submitException(ZLjava/lang/Exception;Ljava/lang/Runnable;)V (55 bytes) @ 0x0000013ea90c2fbc [0x0000013ea90c2dc0+0x00000000000001fc]
J 16289 c1 necesse.engine.gameLoop.ServerGameLoop.update()V (121 bytes) @ 0x0000013ea8b4dfbc [0x0000013ea8b4cf20+0x000000000000109c]
J 21658 c1 necesse.engine.gameLoop.tickManager.TickManager.tickLogic()V (336 bytes) @ 0x0000013ea8c5415c [0x0000013ea8c53ca0+0x00000000000004bc]
J 21440% c1 necesse.engine.gameLoop.GameLoop.runMainGameLoop()V (15 bytes) @ 0x0000013ea8b50dcc [0x0000013ea8b50cc0+0x000000000000010c]
j  necesse.engine.server.ServerTickThread.run()V+9
v  ~StubRoutines::call_stub

siginfo: EXCEPTION_ACCESS_VIOLATION (0xc0000005), reading address 0x0000000000000000


Register to memory mapping:

RIP=0x00007ffa3c8e9449 steamworks4j64.dll
RAX=0x00007ffa3c924058 steamworks4j64.dll
RBX=0x0000013ec32b2398 points into unknown readable memory: 0x00007ffa22e83630 | 30 36 e8 22 fa 7f 00 00
RCX=0x0 is NULL
RDX=0x0 is NULL
RSP=0x0000003b4b7fea80 is pointing into the stack for thread: 0x0000013ec32b20f0
RBP=0x0000003b4b7feb10 is pointing into the stack for thread: 0x0000013ec32b20f0
RSI=748912 is a compressed pointer to class: 0x00000008000b6d70
java.util.HashMap {0x00000008000b6d78}
 - instance size:     6
 - klass size:        127
 - access:            public synchronized 
 - state:             fully_initialized
 - name:              'java/util/HashMap'
 - super:             'java/util/AbstractMap'
 - sub:               'sun/net/www/http/KeepAliveCache'   'necesse/entity/mobs/ai/behaviourTree/Blackboard'   'com/sun/jna/win32/W32APIOptions$2'   'com/sun/jna/win32/W32APIOptions$1'   (2 more klasses...)
 - arrays:            NULL
 - methods:           Array<T>(0x0000000800680250)
 - method ordering:   Array<T>(0x0000000800680428)
 - default_methods:   Array<T>(0x0000000000000000)
 - local interfaces:  Array<T>(0x0000000800680408)
 - trans. interfaces: Array<T>(0x000000080067ee48)
 - constants:         constant pool [610] {0x000000080067ee70} for 'java/util/HashMap' cache=0x0000000800380b10
 - class loader data:  loader data: 0x0000013ea000e290 of 'bootstrap'
 - source file:       'HashMap.java'
 - class annotations:       Array<T>(0x0000000000000000)
 - class type annotations:  Array<T>(0x0000000000000000)
 - field annotations:       Array<T>(0x0000000000000000)
 - field type annotations:  Array<T>(0x0000000000000000)
 - generic signature: '<K:Ljava/lang/Object;V:Ljava/lang/Object;>Ljava/util/AbstractMap<TK;TV;>;Ljava/util/Map<TK;TV;>;Ljava/lang/Cloneable;Ljava/io/Serializable;'
 - inner classes:     Array<T>(0x00000008006801c0)
 - nest members:     Array<T>(0x00000008006805b0)
 - permitted subclasses:     Array<T>(0x00000008005af1a8)
 - java mirror:       a 'java/lang/Class'{0x0000000740a04968} = 'java/util/HashMap'
 - vtable length      39  (start addr: 0x00000008000b6f38)
 - itable length      29 (start addr: 0x00000008000b7070)
 - ---- static fields (4 words):
 - private static final 'serialVersionUID' 'J' @112 
 - static final 'DEFAULT_INITIAL_CAPACITY' 'I' @120 
 - static final 'MAXIMUM_CAPACITY' 'I' @124 
 - static final 'DEFAULT_LOAD_FACTOR' 'F' @128 
 - static final 'TREEIFY_THRESHOLD' 'I' @132 
 - static final 'UNTREEIFY_THRESHOLD' 'I' @136 
 - static final 'MIN_TREEIFY_CAPACITY' 'I' @140 
 - ---- non-static fields (8 words):
 - transient 'keySet' 'Ljava/util/Set;' @12 
 - transient 'values' 'Ljava/util/Collection;' @16 
 - transient 'size' 'I' @20 
 - transient 'modCount' 'I' @24 
 - 'threshold' 'I' @28 
 - final 'loadFactor' 'F' @32 
 - transient 'table' '[Ljava/util/HashMap$Node;' @36 
 - transient 'entrySet' 'Ljava/util/Set;' @40 
 - non-static oop maps: 12-16 36-40 
RDI=0x00000007426b0b28 is an oop: java.lang.String 
{0x00000007426b0b28} - klass: 'java/lang/String'
 - string: "steam"
R8 =0x0000003b4b7fe168 is pointing into the stack for thread: 0x0000013ec32b20f0
R9 =0x0000003b4b7fe190 is pointing into the stack for thread: 0x0000013ec32b20f0
R10=0x0 is NULL
R11=0x0000003b4b7fe5c0 is pointing into the stack for thread: 0x0000013ec32b20f0
R12=0x0 is NULL
R13=0x00000000ffffffff is an unknown value
R14=0x0000003b4b7feb00 is pointing into the stack for thread: 0x0000013ec32b20f0
R15=0x0000013ec32b20f0 is a thread


Registers:
RAX=0x00007ffa3c924058, RBX=0x0000013ec32b2398, RCX=0x0000000000000000, RDX=0x0000000000000000
RSP=0x0000003b4b7fea80, RBP=0x0000003b4b7feb10, RSI=0x00000000000b6d70, RDI=0x00000007426b0b28
R8 =0x0000003b4b7fe168, R9 =0x0000003b4b7fe190, R10=0x0000000000000000, R11=0x0000003b4b7fe5c0
R12=0x0000000000000000, R13=0x00000000ffffffff, R14=0x0000003b4b7feb00, R15=0x0000013ec32b20f0
RIP=0x00007ffa3c8e9449, EFLAGS=0x0000000000010202

Top of Stack: (sp=0x0000003b4b7fea80)
0x0000003b4b7fea80:   00000000200f3ad8 0000000742e927f0
0x0000003b4b7fea90:   00000007426b0b28 0000000f00000001
0x0000003b4b7feaa0:   0000000772a02a38 0000013eaff3127e
0x0000003b4b7feab0:   00000007e84d6165 0000013ea7774125
0x0000003b4b7feac0:   0000000772a02020 0000000772a020d0
0x0000003b4b7fead0:   0000000772a01fd8 0000000700000010
0x0000003b4b7feae0:   0000000772a026b0 0000000800000005
0x0000003b4b7feaf0:   0000013ea7774060 0000000772a029d8
0x0000003b4b7feb00:   00000007410450a0 0000000772a02960
0x0000003b4b7feb10:   00000000ee5403fb 0000013eb0431654
0x0000003b4b7feb20:   0000000772a02910 000000007339336d
0x0000003b4b7feb30:   00000000ee5403fb 0000013eb03ae7d4
0x0000003b4b7feb40:   01db79132c3b0220 0000000740a13e98
0x0000003b4b7feb50:   0000003b4b7febf8 0000000772a01988
0x0000003b4b7feb60:   0000000772a02020 00000007476b6ed8
0x0000003b4b7feb70:   0000000753588208 000000075357f920 

Instructions: (pc=0x00007ffa3c8e9449)
0x00007ffa3c8e9349:   10 57 48 83 ec 20 48 8b f1 41 8b d9 48 8d 0d ec
0x00007ffa3c8e9359:   ac 03 00 49 8b f8 ff 15 3b ef 01 00 44 8b c3 48
0x00007ffa3c8e9369:   8b d7 48 8b 08 48 8b 01 ff 90 78 01 00 00 4c 8b
0x00007ffa3c8e9379:   06 48 8b ce 48 8b d0 48 8b 5c 24 30 48 8b 74 24
0x00007ffa3c8e9389:   38 48 83 c4 20 5f 49 ff a0 38 05 00 00 cc cc cc
0x00007ffa3c8e9399:   cc cc cc cc cc cc cc 40 53 48 83 ec 20 48 8d 0d
0x00007ffa3c8e93a9:   9b ac 03 00 49 8b d8 ff 15 ea ee 01 00 48 8b d3
0x00007ffa3c8e93b9:   48 8b 08 48 8b 01 48 83 c4 20 5b 48 ff a0 70 01
0x00007ffa3c8e93c9:   00 00 cc cc cc cc cc 40 53 48 83 ec 20 48 8d 0d
0x00007ffa3c8e93d9:   6b ac 03 00 49 8b d8 ff 15 ba ee 01 00 48 8b d3
0x00007ffa3c8e93e9:   48 8b 08 48 8b 01 48 83 c4 20 5b 48 ff a0 20 01
0x00007ffa3c8e93f9:   00 00 cc cc cc cc cc 40 53 48 83 ec 20 48 8d 0d
0x00007ffa3c8e9409:   3b ac 03 00 49 8b d8 ff 15 8a ee 01 00 48 8b d3
0x00007ffa3c8e9419:   48 8b 08 48 8b 01 48 83 c4 20 5b 48 ff a0 18 01
0x00007ffa3c8e9429:   00 00 cc cc cc cc cc 40 53 48 83 ec 20 48 8b d9
0x00007ffa3c8e9439:   48 8d 0d 08 ac 03 00 ff 15 5a ee 01 00 48 8b 08
0x00007ffa3c8e9449:   48 8b 01 ff 10 4c 8b 03 48 8b cb 48 8b d0 48 83
0x00007ffa3c8e9459:   c4 20 5b 49 ff a0 38 05 00 00 cc cc cc cc cc cc
0x00007ffa3c8e9469:   cc cc cc cc cc cc cc 48 83 ec 28 48 8d 0d cd ab
0x00007ffa3c8e9479:   03 00 ff 15 1f ee 01 00 48 8b 08 48 8b 01 48 83
0x00007ffa3c8e9489:   c4 28 48 ff 60 10 cc 40 53 48 83 ec 20 48 8d 0d
0x00007ffa3c8e9499:   ab ab 03 00 49 8b d8 ff 15 fa ed 01 00 48 8b d3
0x00007ffa3c8e94a9:   48 8b 08 48 8b 01 48 83 c4 20 5b 48 ff a0 10 01
0x00007ffa3c8e94b9:   00 00 cc cc cc cc cc 48 89 5c 24 08 48 89 6c 24
0x00007ffa3c8e94c9:   10 48 89 74 24 18 57 48 83 ec 20 48 8b 01 49 8b
0x00007ffa3c8e94d9:   d8 45 33 c0 49 8b d1 49 8b e9 48 8b f1 ff 90 48
0x00007ffa3c8e94e9:   05 00 00 48 8d 0d 55 ab 03 00 48 8b f8 ff 15 a4
0x00007ffa3c8e94f9:   ed 01 00 4c 8b c7 48 8b d3 48 8b 08 4c 8b 09 41
0x00007ffa3c8e9509:   ff 91 88 01 00 00 4c 8b 0e 4c 8b c7 48 8b d5 48
0x00007ffa3c8e9519:   8b ce 0f b6 d8 41 ff 91 50 05 00 00 48 8b 6c 24
0x00007ffa3c8e9529:   38 0f b6 c3 48 8b 5c 24 30 48 8b 74 24 40 48 83
0x00007ffa3c8e9539:   c4 20 5f c3 cc cc cc 40 53 48 83 ec 20 48 8d 0d 


Stack slot to memory mapping:
stack at sp + 0 slots: 0x00000000200f3ad8 is an unknown value
stack at sp + 1 slots: 0x0000000742e927f0 is an oop: java.lang.String 
{0x0000000742e927f0} - klass: 'java/lang/String'
 - string: "platform_name"
stack at sp + 2 slots: 0x00000007426b0b28 is an oop: java.lang.String 
{0x00000007426b0b28} - klass: 'java/lang/String'
 - string: "steam"
stack at sp + 3 slots: 0x0000000f00000001 is an unknown value
stack at sp + 4 slots: 0x0000000772a02a38 is an oop: java.util.HashMap$Node 
{0x0000000772a02a38} - klass: 'java/util/HashMap$Node'
 - ---- fields (total size 4 words):
 - final 'hash' 'I' @12  537869016 (200f3ad8)
 - final 'key' 'Ljava/lang/Object;' @16  "platform_name"{0x0000000742e927f0} (e85d24fe)
 - 'value' 'Ljava/lang/Object;' @20  "steam"{0x00000007426b0b28} (e84d6165)
 - 'next' 'Ljava/util/HashMap$Node;' @24  NULL (0)
stack at sp + 5 slots: 0x0000013eaff3127e is at entry_point+222 in (nmethod*)0x0000013eaff31010
stack at sp + 6 slots: 0x00000007e84d6165 is an unallocated location in the heap
stack at sp + 7 slots: 0x0000013ea7774125 is at begin+197 in a stub
StubRoutines::jlong_disjoint_arraycopy [0x0000013ea7774060, 0x0000013ea7774227] (455 bytes)


---------------  P R O C E S S  ---------------

Threads class SMR info:
_java_thread_list=0x0000013ec46570b0, length=15, elements={
0x0000013ec10f65e0, 0x0000013ec10f7160, 0x0000013ec110c850, 0x0000013ec110e120,
0x0000013ec110e9e0, 0x0000013ec110f8b0, 0x0000013ec1113a50, 0x0000013ec111d370,
0x0000013ec1128c70, 0x0000013ec1ca6a70, 0x0000013ec1cae220, 0x0000013ec32ad3f0,
0x0000013ec32b20f0, 0x0000013ec32af5a0, 0x0000013ec32b08e0
}

Java Threads: ( => current thread )
  0x0000013ec10f65e0 JavaThread "Reference Handler" daemon [_thread_blocked, id=6864, stack(0x0000003b47c00000,0x0000003b47d00000)]
  0x0000013ec10f7160 JavaThread "Finalizer" daemon [_thread_blocked, id=33660, stack(0x0000003b47d00000,0x0000003b47e00000)]
  0x0000013ec110c850 JavaThread "Signal Dispatcher" daemon [_thread_blocked, id=35964, stack(0x0000003b47e00000,0x0000003b47f00000)]
  0x0000013ec110e120 JavaThread "Attach Listener" daemon [_thread_blocked, id=30564, stack(0x0000003b47f00000,0x0000003b48000000)]
  0x0000013ec110e9e0 JavaThread "Service Thread" daemon [_thread_blocked, id=18608, stack(0x0000003b48000000,0x0000003b48100000)]
  0x0000013ec110f8b0 JavaThread "Monitor Deflation Thread" daemon [_thread_blocked, id=28772, stack(0x0000003b48100000,0x0000003b48200000)]
  0x0000013ec1113a50 JavaThread "C2 CompilerThread0" daemon [_thread_in_native, id=11340, stack(0x0000003b48200000,0x0000003b48300000)]
  0x0000013ec111d370 JavaThread "C1 CompilerThread0" daemon [_thread_blocked, id=37848, stack(0x0000003b48300000,0x0000003b48400000)]
  0x0000013ec1128c70 JavaThread "Sweeper thread" daemon [_thread_blocked, id=2496, stack(0x0000003b48400000,0x0000003b48500000)]
  0x0000013ec1ca6a70 JavaThread "Notification Thread" daemon [_thread_blocked, id=38628, stack(0x0000003b48700000,0x0000003b48800000)]
  0x0000013ec1cae220 JavaThread "Common-Cleaner" daemon [_thread_blocked, id=40980, stack(0x0000003b48900000,0x0000003b48a00000)]
  0x0000013ec32ad3f0 JavaThread "Server Thread" [_thread_blocked, id=7964, stack(0x0000003b4b900000,0x0000003b4ba00000)]
=>0x0000013ec32b20f0 JavaThread "Server Thread" [_thread_in_native, id=34076, stack(0x0000003b4b700000,0x0000003b4b800000)]
  0x0000013ec32af5a0 JavaThread "Server Thread" [_thread_blocked, id=24416, stack(0x0000003b4b800000,0x0000003b4b900000)]
  0x0000013ec32b08e0 JavaThread "DestroyJavaVM" [_thread_blocked, id=20228, stack(0x0000003b47500000,0x0000003b47600000)]

Other Threads:
  0x0000013ec10f1bd0 VMThread "VM Thread" [stack: 0x0000003b47b00000,0x0000003b47c00000] [id=6756]
  0x0000013ec1ca7f70 WatcherThread [stack: 0x0000003b48800000,0x0000003b48900000] [id=18508]
  0x0000013e9ff790a0 GCTaskThread "GC Thread#0" [stack: 0x0000003b47600000,0x0000003b47700000] [id=7768]
  0x0000013ec3b4aaf0 GCTaskThread "GC Thread#1" [stack: 0x0000003b49400000,0x0000003b49500000] [id=25340]
  0x0000013ec3b49d80 GCTaskThread "GC Thread#2" [stack: 0x0000003b49500000,0x0000003b49600000] [id=17964]
  0x0000013ec3b492c0 GCTaskThread "GC Thread#3" [stack: 0x0000003b49600000,0x0000003b49700000] [id=40304]
  0x0000013ec3b4a030 GCTaskThread "GC Thread#4" [stack: 0x0000003b49700000,0x0000003b49800000] [id=29792]
  0x0000013ec3b4a590 GCTaskThread "GC Thread#5" [stack: 0x0000003b49800000,0x0000003b49900000] [id=41456]
  0x0000013ec3b49010 GCTaskThread "GC Thread#6" [stack: 0x0000003b49900000,0x0000003b49a00000] [id=36424]
  0x0000013ec3b49570 GCTaskThread "GC Thread#7" [stack: 0x0000003b49a00000,0x0000003b49b00000] [id=7288]
  0x0000013ec32b5a00 GCTaskThread "GC Thread#8" [stack: 0x0000003b49b00000,0x0000003b49c00000] [id=9760]
  0x0000013ec32b7790 GCTaskThread "GC Thread#9" [stack: 0x0000003b49c00000,0x0000003b49d00000] [id=8572]
  0x0000013ec32b7fa0 GCTaskThread "GC Thread#10" [stack: 0x0000003b49d00000,0x0000003b49e00000] [id=40704]
  0x0000013ec32b64c0 GCTaskThread "GC Thread#11" [stack: 0x0000003b49e00000,0x0000003b49f00000] [id=41664]
  0x0000013ec32b4f40 GCTaskThread "GC Thread#12" [stack: 0x0000003b49000000,0x0000003b49100000] [id=37204]
  0x0000013e9ff7a9f0 ConcurrentGCThread "G1 Main Marker" [stack: 0x0000003b47700000,0x0000003b47800000] [id=11596]
  0x0000013e9ff7b210 ConcurrentGCThread "G1 Conc#0" [stack: 0x0000003b47800000,0x0000003b47900000] [id=1460]
  0x0000013ec32b7cf0 ConcurrentGCThread "G1 Conc#1" [stack: 0x0000003b4af00000,0x0000003b4b000000] [id=25208]
  0x0000013ec32b87b0 ConcurrentGCThread "G1 Conc#2" [stack: 0x0000003b4b000000,0x0000003b4b100000] [id=9264]
  0x0000013ea0007750 ConcurrentGCThread "G1 Refine#0" [stack: 0x0000003b47900000,0x0000003b47a00000] [id=38288]
  0x0000013ec3de50c0 ConcurrentGCThread "G1 Refine#1" [stack: 0x0000003b49f00000,0x0000003b4a000000] [id=34832]
  0x0000013ec4316c70 ConcurrentGCThread "G1 Refine#2" [stack: 0x0000003b4a000000,0x0000003b4a100000] [id=28296]
  0x0000013ec4711ca0 ConcurrentGCThread "G1 Refine#3" [stack: 0x0000003b4a100000,0x0000003b4a200000] [id=17692]
  0x0000013ec264ee20 ConcurrentGCThread "G1 Refine#4" [stack: 0x0000003b4a200000,0x0000003b4a300000] [id=28688]
  0x0000013ec3a9e9f0 ConcurrentGCThread "G1 Refine#5" [stack: 0x0000003b4a300000,0x0000003b4a400000] [id=23900]
  0x0000013ec4998440 ConcurrentGCThread "G1 Refine#6" [stack: 0x0000003b4a400000,0x0000003b4a500000] [id=18976]
  0x0000013ec42bc1f0 ConcurrentGCThread "G1 Refine#7" [stack: 0x0000003b4a500000,0x0000003b4a600000] [id=35848]
  0x0000013ec445b460 ConcurrentGCThread "G1 Refine#8" [stack: 0x0000003b4a600000,0x0000003b4a700000] [id=15772]
  0x0000013ea0007f80 ConcurrentGCThread "G1 Service" [stack: 0x0000003b47a00000,0x0000003b47b00000] [id=20932]

Threads with active compile tasks:
C2 CompilerThread0   362871 21659       4       necesse.engine.save.SaveComponent::getScript (587 bytes)

VM state: not at safepoint (normal execution)

VM Mutex/Monitor currently owned by a thread: None

Heap address: 0x0000000740000000, size: 3072 MB, Compressed Oops mode: Zero based, Oop shift amount: 3

CDS archive(s) mapped at: [0x0000000800000000-0x0000000800bc0000-0x0000000800bc0000), size 12320768, SharedBaseAddress: 0x0000000800000000, ArchiveRelocationMode: 0.
Compressed class space mapped at: 0x0000000800c00000-0x0000000840c00000, reserved size: 1073741824
Narrow klass base: 0x0000000800000000, Narrow klass shift: 0, Narrow klass range: 0x100000000

GC Precious Log:
 CPUs: 16 total, 16 available
 Memory: 32689M
 Large Page Support: Disabled
 NUMA Support: Disabled
 Compressed Oops: Enabled (Zero based)
 Heap Region Size: 32M
 Heap Min Capacity: 512M
 Heap Initial Capacity: 512M
 Heap Max Capacity: 3G
 Pre-touch: Disabled
 Parallel Workers: 13
 Concurrent Workers: 3
 Concurrent Refinement Workers: 13
 Periodic GC: Disabled

Heap:
 garbage-first heap   total 1081344K, used 655923K [0x0000000740000000, 0x0000000800000000)
  region size 32768K, 9 young (294912K), 1 survivors (32768K)
 Metaspace       used 65723K, committed 66560K, reserved 1105920K
  class space    used 10875K, committed 11264K, reserved 1048576K

Heap Regions: E=young(eden), S=young(survivor), O=old, HS=humongous(starts), HC=humongous(continues), CS=collection set, F=free, OA=open archive, CA=closed archive, TAMS=top-at-mark-start (previous, next)
|   0|0x0000000740000000, 0x0000000742000000, 0x0000000742000000|100%| O|  |TAMS 0x0000000742000000, 0x0000000740000000| Untracked 
|   1|0x0000000742000000, 0x0000000744000000, 0x0000000744000000|100%| O|  |TAMS 0x0000000742000000, 0x0000000742000000| Untracked 
|   2|0x0000000744000000, 0x0000000746000000, 0x0000000746000000|100%| O|  |TAMS 0x00000007454a1000, 0x0000000744000000| Untracked 
|   3|0x0000000746000000, 0x0000000748000000, 0x0000000748000000|100%| O|  |TAMS 0x0000000746000000, 0x0000000746000000| Untracked 
|   4|0x0000000748000000, 0x000000074a000000, 0x000000074a000000|100%| O|  |TAMS 0x0000000748000000, 0x0000000748000000| Untracked 
|   5|0x000000074a000000, 0x000000074c000000, 0x000000074c000000|100%| O|  |TAMS 0x000000074a000000, 0x000000074a000000| Untracked 
|   6|0x000000074c000000, 0x000000074e000000, 0x000000074e000000|100%| O|  |TAMS 0x000000074c000000, 0x000000074c000000| Untracked 
|   7|0x000000074e000000, 0x0000000750000000, 0x0000000750000000|100%| O|  |TAMS 0x000000074e000000, 0x000000074e000000| Untracked 
|   8|0x0000000750000000, 0x0000000752000000, 0x0000000752000000|100%| O|  |TAMS 0x0000000750000000, 0x0000000750000000| Untracked 
|   9|0x0000000752000000, 0x0000000754000000, 0x0000000754000000|100%| O|  |TAMS 0x0000000752000000, 0x0000000752000000| Untracked 
|  10|0x0000000754000000, 0x0000000756000000, 0x0000000756000000|100%| O|  |TAMS 0x0000000754000000, 0x0000000754000000| Untracked 
|  11|0x0000000756000000, 0x0000000758000000, 0x0000000758000000|100%| O|  |TAMS 0x0000000756000000, 0x0000000756000000| Untracked 
|  12|0x0000000758000000, 0x0000000759970e00, 0x000000075a000000| 79%| O|  |TAMS 0x0000000758000000, 0x0000000758000000| Untracked 
|  13|0x000000075a000000, 0x000000075a000000, 0x000000075c000000|  0%| F|  |TAMS 0x000000075a000000, 0x000000075a000000| Untracked 
|  14|0x000000075c000000, 0x000000075c000000, 0x000000075e000000|  0%| F|  |TAMS 0x000000075c000000, 0x000000075c000000| Untracked 
|  15|0x000000075e000000, 0x000000075e000000, 0x0000000760000000|  0%| F|  |TAMS 0x000000075e000000, 0x000000075e000000| Untracked 
|  16|0x0000000760000000, 0x0000000760000000, 0x0000000762000000|  0%| F|  |TAMS 0x0000000760000000, 0x0000000760000000| Untracked 
|  17|0x0000000762000000, 0x0000000762000000, 0x0000000764000000|  0%| F|  |TAMS 0x0000000762000000, 0x0000000762000000| Untracked 
|  18|0x0000000764000000, 0x0000000764000000, 0x0000000766000000|  0%| F|  |TAMS 0x0000000764000000, 0x0000000764000000| Untracked 
|  19|0x0000000766000000, 0x0000000766000000, 0x0000000768000000|  0%| F|  |TAMS 0x0000000766000000, 0x0000000766000000| Untracked 
|  20|0x0000000768000000, 0x000000076871c028, 0x000000076a000000| 22%| S|CS|TAMS 0x0000000768000000, 0x0000000768000000| Complete 
|  21|0x000000076a000000, 0x000000076a000000, 0x000000076c000000|  0%| F|  |TAMS 0x000000076a000000, 0x000000076a000000| Untracked 
|  22|0x000000076c000000, 0x000000076c000000, 0x000000076e000000|  0%| F|  |TAMS 0x000000076c000000, 0x000000076c000000| Untracked 
|  23|0x000000076e000000, 0x000000076e000000, 0x0000000770000000|  0%| F|  |TAMS 0x000000076e000000, 0x000000076e000000| Untracked 
|  24|0x0000000770000000, 0x0000000770000000, 0x0000000772000000|  0%| F|  |TAMS 0x0000000770000000, 0x0000000770000000| Untracked 
|  25|0x0000000772000000, 0x0000000772bf7888, 0x0000000774000000| 37%| E|  |TAMS 0x0000000772000000, 0x0000000772000000| Complete 
|  26|0x0000000774000000, 0x0000000776000000, 0x0000000776000000|100%| E|CS|TAMS 0x0000000774000000, 0x0000000774000000| Complete 
|  27|0x0000000776000000, 0x0000000778000000, 0x0000000778000000|100%| E|CS|TAMS 0x0000000776000000, 0x0000000776000000| Complete 
|  28|0x0000000778000000, 0x000000077a000000, 0x000000077a000000|100%| E|CS|TAMS 0x0000000778000000, 0x0000000778000000| Complete 
|  29|0x000000077a000000, 0x000000077c000000, 0x000000077c000000|100%| E|CS|TAMS 0x000000077a000000, 0x000000077a000000| Complete 
|  30|0x000000077c000000, 0x000000077e000000, 0x000000077e000000|100%| E|CS|TAMS 0x000000077c000000, 0x000000077c000000| Complete 
|  31|0x000000077e000000, 0x0000000780000000, 0x0000000780000000|100%| E|CS|TAMS 0x000000077e000000, 0x000000077e000000| Complete 
|  32|0x0000000780000000, 0x0000000782000000, 0x0000000782000000|100%| E|CS|TAMS 0x0000000780000000, 0x0000000780000000| Complete 

Card table byte_map: [0x0000013eb75e0000,0x0000013eb7be0000] _byte_map_base: 0x0000013eb3be0000

Marking Bits (Prev, Next): (CMBitMap*) 0x0000013e9ff79500, (CMBitMap*) 0x0000013e9ff794c0
 Prev Bits: [0x0000013ebb1e0000, 0x0000013ebe1e0000)
 Next Bits: [0x0000013eb81e0000, 0x0000013ebb1e0000)

Polling page: 0x0000013e9dec0000

Metaspace:

Usage:
  Non-class:     53.56 MB used.
      Class:     10.62 MB used.
       Both:     64.18 MB used.

Virtual space:
  Non-class space:       56.00 MB reserved,      54.00 MB ( 96%) committed,  7 nodes.
      Class space:        1.00 GB reserved,      11.00 MB (  1%) committed,  1 nodes.
             Both:        1.05 GB reserved,      65.00 MB (  6%) committed. 

Chunk freelists:
   Non-Class:  1.80 MB
       Class:  999.00 KB
        Both:  2.77 MB

MaxMetaspaceSize: unlimited
CompressedClassSpaceSize: 1.00 GB
Initial GC threshold: 21.00 MB
Current GC threshold: 75.94 MB
CDS: on
MetaspaceReclaimPolicy: balanced
 - commit_granule_bytes: 65536.
 - commit_granule_words: 8192.
 - virtual_space_node_default_size: 1048576.
 - enlarge_chunks_in_place: 1.
 - new_chunks_are_fully_committed: 0.
 - uncommit_free_chunks: 1.
 - use_allocation_guard: 0.
 - handle_deallocations: 1.


Internal statistics:

num_allocs_failed_limit: 21.
num_arena_births: 1280.
num_arena_deaths: 0.
num_vsnodes_births: 8.
num_vsnodes_deaths: 0.
num_space_committed: 1037.
num_space_uncommitted: 0.
num_chunks_returned_to_freelist: 21.
num_chunks_taken_from_freelist: 3829.
num_chunk_merges: 21.
num_chunk_splits: 2675.
num_chunks_enlarged: 1969.
num_purges: 0.
num_inconsistent_stats: 0.

CodeHeap 'non-profiled nmethods': size=119168Kb used=18969Kb max_used=18969Kb free=100198Kb
 bounds [0x0000013eaf2e0000, 0x0000013eb0570000, 0x0000013eb6740000]
CodeHeap 'profiled nmethods': size=119104Kb used=19673Kb max_used=20912Kb free=99430Kb
 bounds [0x0000013ea7e90000, 0x0000013ea9310000, 0x0000013eaf2e0000]
CodeHeap 'non-nmethods': size=7488Kb used=2359Kb max_used=4121Kb free=5128Kb
 bounds [0x0000013ea7740000, 0x0000013ea7b60000, 0x0000013ea7e90000]
 total_blobs=14793 nmethods=12794 adapters=1907
 compilation: enabled
              stopped_count=0, restarted_count=0
 full_count=0

Compilation events (20 events):
Event: 362.145 Thread 0x0000013ec111d370 21650       3       necesse.gfx.gameTexture.GameTexture$$Lambda$3006/0x00000008017066f0::accept (8 bytes)
Event: 362.145 Thread 0x0000013ec111d370 nmethod 21650 0x0000013ea8af2390 code [0x0000013ea8af2560, 0x0000013ea8af28e8]
Event: 362.145 Thread 0x0000013ec111d370 21651       3       necesse.gfx.gameTexture.GameTexture::lambda$deleteGeneratedTextures$1 (9 bytes)
Event: 362.145 Thread 0x0000013ec111d370 nmethod 21651 0x0000013ea89b9510 code [0x0000013ea89b96c0, 0x0000013ea89b98c8]
Event: 362.145 Thread 0x0000013ec1113a50 nmethod 21652 0x0000013eb0564710 code [0x0000013eb05648a0, 0x0000013eb05649f8]
Event: 362.145 Thread 0x0000013ec1113a50 21653   !   4       org.lwjgl.opengl.GL11C::glDeleteTextures (42 bytes)
Event: 362.148 Thread 0x0000013ec1113a50 nmethod 21653 0x0000013eb0564c10 code [0x0000013eb0564de0, 0x0000013eb0565090]
Event: 362.148 Thread 0x0000013ec1113a50 21654       4       necesse.gfx.gameTexture.GameTexture$$Lambda$3006/0x00000008017066f0::accept (8 bytes)
Event: 362.150 Thread 0x0000013ec1113a50 nmethod 21654 0x0000013eb0565590 code [0x0000013eb0565760, 0x0000013eb0565a50]
Event: 362.286 Thread 0x0000013ec111d370 21655       3       necesse.engine.save.SaveComponent::getScript (587 bytes)
Event: 362.289 Thread 0x0000013ec111d370 nmethod 21655 0x0000013ea9089090 code [0x0000013ea90899a0, 0x0000013ea908e168]
Event: 362.305 Thread 0x0000013ec111d370 21656       3       necesse.engine.sound.SoundPlayer::dispose (25 bytes)
Event: 362.306 Thread 0x0000013ec111d370 nmethod 21656 0x0000013ea8ce9690 code [0x0000013ea8ce9860, 0x0000013ea8ce9ba8]
Event: 362.377 Thread 0x0000013ec1113a50 21657       4       java.lang.StringBuilder::lastIndexOf (7 bytes)
Event: 362.379 Thread 0x0000013ec1113a50 nmethod 21657 0x0000013eb0566010 code [0x0000013eb05661a0, 0x0000013eb0566458]
Event: 362.659 Thread 0x0000013ec111d370 21658   !   3       necesse.engine.gameLoop.tickManager.TickManager::tickLogic (336 bytes)
Event: 362.660 Thread 0x0000013ec111d370 nmethod 21658 0x0000013ea8c53a10 code [0x0000013ea8c53ca0, 0x0000013ea8c54708]
Event: 362.830 Thread 0x0000013ec1113a50 21659       4       necesse.engine.save.SaveComponent::getScript (587 bytes)
Event: 362.830 Thread 0x0000013ec111d370 21660   !   3       java.util.zip.Deflater::deflate (413 bytes)
Event: 362.831 Thread 0x0000013ec111d370 nmethod 21660 0x0000013ea86c0390 code [0x0000013ea86c0640, 0x0000013ea86c1928]

GC Heap History (20 events):
Event: 349.899 GC heap before
{Heap before GC invocations=288 (full 0):
 garbage-first heap   total 1081344K, used 786206K [0x0000000740000000, 0x0000000800000000)
  region size 32768K, 12 young (393216K), 1 survivors (32768K)
 Metaspace       used 65703K, committed 66496K, reserved 1105920K
  class space    used 10872K, committed 11264K, reserved 1048576K
}
Event: 349.901 GC heap after
{Heap after GC invocations=289 (full 0):
 garbage-first heap   total 1081344K, used 425902K [0x0000000740000000, 0x0000000800000000)
  region size 32768K, 1 young (32768K), 1 survivors (32768K)
 Metaspace       used 65703K, committed 66496K, reserved 1105920K
  class space    used 10872K, committed 11264K, reserved 1048576K
}
Event: 351.385 GC heap before
{Heap before GC invocations=289 (full 0):
 garbage-first heap   total 1081344K, used 786350K [0x0000000740000000, 0x0000000800000000)
  region size 32768K, 12 young (393216K), 1 survivors (32768K)
 Metaspace       used 65703K, committed 66496K, reserved 1105920K
  class space    used 10872K, committed 11264K, reserved 1048576K
}
Event: 351.387 GC heap after
{Heap after GC invocations=290 (full 0):
 garbage-first heap   total 1081344K, used 426904K [0x0000000740000000, 0x0000000800000000)
  region size 32768K, 1 young (32768K), 1 survivors (32768K)
 Metaspace       used 65703K, committed 66496K, reserved 1105920K
  class space    used 10872K, committed 11264K, reserved 1048576K
}
Event: 352.500 GC heap before
{Heap before GC invocations=290 (full 0):
 garbage-first heap   total 1081344K, used 787352K [0x0000000740000000, 0x0000000800000000)
  region size 32768K, 12 young (393216K), 1 survivors (32768K)
 Metaspace       used 65703K, committed 66496K, reserved 1105920K
  class space    used 10872K, committed 11264K, reserved 1048576K
}
Event: 352.501 GC heap after
{Heap after GC invocations=291 (full 0):
 garbage-first heap   total 1081344K, used 426147K [0x0000000740000000, 0x0000000800000000)
  region size 32768K, 1 young (32768K), 1 survivors (32768K)
 Metaspace       used 65703K, committed 66496K, reserved 1105920K
  class space    used 10872K, committed 11264K, reserved 1048576K
}
Event: 353.598 GC heap before
{Heap before GC invocations=291 (full 0):
 garbage-first heap   total 1081344K, used 786595K [0x0000000740000000, 0x0000000800000000)
  region size 32768K, 12 young (393216K), 1 survivors (32768K)
 Metaspace       used 65703K, committed 66496K, reserved 1105920K
  class space    used 10872K, committed 11264K, reserved 1048576K
}
Event: 353.600 GC heap after
{Heap after GC invocations=292 (full 0):
 garbage-first heap   total 1081344K, used 426172K [0x0000000740000000, 0x0000000800000000)
  region size 32768K, 1 young (32768K), 1 survivors (32768K)
 Metaspace       used 65703K, committed 66496K, reserved 1105920K
  class space    used 10872K, committed 11264K, reserved 1048576K
}
Event: 354.685 GC heap before
{Heap before GC invocations=292 (full 0):
 garbage-first heap   total 1081344K, used 786620K [0x0000000740000000, 0x0000000800000000)
  region size 32768K, 12 young (393216K), 1 survivors (32768K)
 Metaspace       used 65703K, committed 66496K, reserved 1105920K
  class space    used 10872K, committed 11264K, reserved 1048576K
}
Event: 354.687 GC heap after
{Heap after GC invocations=293 (full 0):
 garbage-first heap   total 1081344K, used 426011K [0x0000000740000000, 0x0000000800000000)
  region size 32768K, 1 young (32768K), 1 survivors (32768K)
 Metaspace       used 65703K, committed 66496K, reserved 1105920K
  class space    used 10872K, committed 11264K, reserved 1048576K
}
Event: 355.774 GC heap before
{Heap before GC invocations=293 (full 0):
 garbage-first heap   total 1081344K, used 786459K [0x0000000740000000, 0x0000000800000000)
  region size 32768K, 12 young (393216K), 1 survivors (32768K)
 Metaspace       used 65703K, committed 66496K, reserved 1105920K
  class space    used 10872K, committed 11264K, reserved 1048576K
}
Event: 355.776 GC heap after
{Heap after GC invocations=294 (full 0):
 garbage-first heap   total 1081344K, used 426280K [0x0000000740000000, 0x0000000800000000)
  region size 32768K, 1 young (32768K), 1 survivors (32768K)
 Metaspace       used 65703K, committed 66496K, reserved 1105920K
  class space    used 10872K, committed 11264K, reserved 1048576K
}
Event: 356.900 GC heap before
{Heap before GC invocations=294 (full 0):
 garbage-first heap   total 1081344K, used 786728K [0x0000000740000000, 0x0000000800000000)
  region size 32768K, 12 young (393216K), 1 survivors (32768K)
 Metaspace       used 65703K, committed 66496K, reserved 1105920K
  class space    used 10872K, committed 11264K, reserved 1048576K
}
Event: 356.901 GC heap after
{Heap after GC invocations=295 (full 0):
 garbage-first heap   total 1081344K, used 426417K [0x0000000740000000, 0x0000000800000000)
  region size 32768K, 1 young (32768K), 1 survivors (32768K)
 Metaspace       used 65703K, committed 66496K, reserved 1105920K
  class space    used 10872K, committed 11264K, reserved 1048576K
}
Event: 358.664 GC heap before
{Heap before GC invocations=295 (full 0):
 garbage-first heap   total 1081344K, used 786865K [0x0000000740000000, 0x0000000800000000)
  region size 32768K, 12 young (393216K), 1 survivors (32768K)
 Metaspace       used 65703K, committed 66496K, reserved 1105920K
  class space    used 10872K, committed 11264K, reserved 1048576K
}
Event: 358.665 GC heap after
{Heap after GC invocations=296 (full 0):
 garbage-first heap   total 1081344K, used 426297K [0x0000000740000000, 0x0000000800000000)
  region size 32768K, 1 young (32768K), 1 survivors (32768K)
 Metaspace       used 65703K, committed 66496K, reserved 1105920K
  class space    used 10872K, committed 11264K, reserved 1048576K
}
Event: 360.174 GC heap before
{Heap before GC invocations=296 (full 0):
 garbage-first heap   total 1081344K, used 786745K [0x0000000740000000, 0x0000000800000000)
  region size 32768K, 12 young (393216K), 1 survivors (32768K)
 Metaspace       used 65703K, committed 66496K, reserved 1105920K
  class space    used 10872K, committed 11264K, reserved 1048576K
}
Event: 360.176 GC heap after
{Heap after GC invocations=297 (full 0):
 garbage-first heap   total 1081344K, used 426864K [0x0000000740000000, 0x0000000800000000)
  region size 32768K, 1 young (32768K), 1 survivors (32768K)
 Metaspace       used 65703K, committed 66496K, reserved 1105920K
  class space    used 10872K, committed 11264K, reserved 1048576K
}
Event: 361.308 GC heap before
{Heap before GC invocations=297 (full 0):
 garbage-first heap   total 1081344K, used 787312K [0x0000000740000000, 0x0000000800000000)
  region size 32768K, 12 young (393216K), 1 survivors (32768K)
 Metaspace       used 65704K, committed 66496K, reserved 1105920K
  class space    used 10872K, committed 11264K, reserved 1048576K
}
Event: 361.309 GC heap after
{Heap after GC invocations=298 (full 0):
 garbage-first heap   total 1081344K, used 426547K [0x0000000740000000, 0x0000000800000000)
  region size 32768K, 1 young (32768K), 1 survivors (32768K)
 Metaspace       used 65704K, committed 66496K, reserved 1105920K
  class space    used 10872K, committed 11264K, reserved 1048576K
}

Deoptimization events (20 events):
Event: 361.965 Thread 0x0000013ee3cca960 Uncommon trap: trap_request=0xffffff5c fr.pc=0x0000013eaff3c5e8 relative=0x00000000000012e8
Event: 361.965 Thread 0x0000013ee3cca960 Uncommon trap: reason=speculate_null_check action=make_not_entrant pc=0x0000013eaff3c5e8 method=java.util.concurrent.locks.AbstractQueuedSynchronizer.acquire(Ljava/util/concurrent/locks/AbstractQueuedSynchronizer$Node;IZZZJ)I @ 254 c2
Event: 361.965 Thread 0x0000013ee3cca960 DEOPT PACKING pc=0x0000013eaff3c5e8 sp=0x0000003b473ff1a0
Event: 361.965 Thread 0x0000013ee3cca960 DEOPT UNPACKING pc=0x0000013ea77923a3 sp=0x0000003b473ff140 mode 2
Event: 362.285 Thread 0x0000013e9ff371b0 Uncommon trap: trap_request=0x00000071 fr.pc=0x0000013eb03c90b0 relative=0x0000000000000090
Event: 362.285 Thread 0x0000013e9ff371b0 Uncommon trap: reason=unloaded action=reinterpret pc=0x0000013eb03c90b0 method=necesse.engine.playerStats.stats.GNDItemMapStat.addSaveData(Lnecesse/engine/save/SaveData;)V @ 17 c2
Event: 362.285 Thread 0x0000013e9ff371b0 DEOPT PACKING pc=0x0000013eb03c90b0 sp=0x0000003b475ff250
Event: 362.285 Thread 0x0000013e9ff371b0 DEOPT UNPACKING pc=0x0000013ea77923a3 sp=0x0000003b475ff1f0 mode 2
Event: 362.285 Thread 0x0000013e9ff371b0 Uncommon trap: trap_request=0xffffff45 fr.pc=0x0000013eb019969c relative=0x00000000000068dc
Event: 362.285 Thread 0x0000013e9ff371b0 Uncommon trap: reason=unstable_if action=reinterpret pc=0x0000013eb019969c method=necesse.engine.save.SaveComponent.getScript(Ljava/lang/String;Ljava/lang/String;ZLjava/util/Set;)Ljava/lang/String; @ 31 c2
Event: 362.285 Thread 0x0000013e9ff371b0 DEOPT PACKING pc=0x0000013eb019969c sp=0x0000003b475ff110
Event: 362.285 Thread 0x0000013e9ff371b0 DEOPT UNPACKING pc=0x0000013ea77923a3 sp=0x0000003b475ff0f0 mode 2
Event: 362.286 Thread 0x0000013e9ff371b0 Uncommon trap: trap_request=0xffffff45 fr.pc=0x0000013eafea6820 relative=0x0000000000000400
Event: 362.286 Thread 0x0000013e9ff371b0 Uncommon trap: reason=unstable_if action=reinterpret pc=0x0000013eafea6820 method=java.util.zip.Deflater.deflate([BIII)I @ 81 c2
Event: 362.286 Thread 0x0000013e9ff371b0 DEOPT PACKING pc=0x0000013eafea6820 sp=0x0000003b475ff0c0
Event: 362.286 Thread 0x0000013e9ff371b0 DEOPT UNPACKING pc=0x0000013ea77923a3 sp=0x0000003b475ff048 mode 2
Event: 362.835 Thread 0x0000013e9ff371b0 Uncommon trap: trap_request=0xffffff45 fr.pc=0x0000013eafa415c4 relative=0x0000000000000184
Event: 362.835 Thread 0x0000013e9ff371b0 Uncommon trap: reason=unstable_if action=reinterpret pc=0x0000013eafa415c4 method=jdk.internal.ref.Cleaner.remove(Ljdk/internal/ref/Cleaner;)Z @ 45 c2
Event: 362.835 Thread 0x0000013e9ff371b0 DEOPT PACKING pc=0x0000013eafa415c4 sp=0x0000003b475ff120
Event: 362.835 Thread 0x0000013e9ff371b0 DEOPT UNPACKING pc=0x0000013ea77923a3 sp=0x0000003b475ff078 mode 2

Classes unloaded (0 events):
No events

Classes redefined (2 events):
Event: 2.528 Thread 0x0000013ec10f1bd0 redefined class name=necesse.inventory.PlayerInventoryManager, count=1
Event: 2.543 Thread 0x0000013ec10f1bd0 redefined class name=vulpesnova.VNContent.ExtraSpawnItems$GiveStarterItemsPatch, count=1

Internal exceptions (20 events):
Event: 362.377 Thread 0x0000013ec32af5a0 Implicit null exception at 0x0000013ea927e0df to 0x0000013ea92836fe
Event: 362.377 Thread 0x0000013ec32af5a0 Exception <a 'java/lang/NullPointerException'{0x0000000775c117a0}> (0x0000000775c117a0) 
thrown [t:\workspace\open\src\hotspot\share\runtime\sharedRuntime.cpp, line 628]
Event: 362.427 Thread 0x0000013ec32af5a0 Implicit null exception at 0x0000013ea927e0df to 0x0000013ea92836fe
Event: 362.427 Thread 0x0000013ec32af5a0 Exception <a 'java/lang/NullPointerException'{0x0000000775dc3b68}> (0x0000000775dc3b68) 
thrown [t:\workspace\open\src\hotspot\share\runtime\sharedRuntime.cpp, line 628]
Event: 362.477 Thread 0x0000013ec32af5a0 Implicit null exception at 0x0000013ea927e0df to 0x0000013ea92836fe
Event: 362.477 Thread 0x0000013ec32af5a0 Exception <a 'java/lang/NullPointerException'{0x0000000775f75658}> (0x0000000775f75658) 
thrown [t:\workspace\open\src\hotspot\share\runtime\sharedRuntime.cpp, line 628]
Event: 362.528 Thread 0x0000013ec32af5a0 Implicit null exception at 0x0000013ea927e0df to 0x0000013ea92836fe
Event: 362.528 Thread 0x0000013ec32af5a0 Exception <a 'java/lang/NullPointerException'{0x0000000772120cc8}> (0x0000000772120cc8) 
thrown [t:\workspace\open\src\hotspot\share\runtime\sharedRuntime.cpp, line 628]
Event: 362.578 Thread 0x0000013ec32af5a0 Implicit null exception at 0x0000013ea927e0df to 0x0000013ea92836fe
Event: 362.578 Thread 0x0000013ec32af5a0 Exception <a 'java/lang/NullPointerException'{0x00000007722a2fe0}> (0x00000007722a2fe0) 
thrown [t:\workspace\open\src\hotspot\share\runtime\sharedRuntime.cpp, line 628]
Event: 362.628 Thread 0x0000013ec32af5a0 Implicit null exception at 0x0000013ea927e0df to 0x0000013ea92836fe
Event: 362.628 Thread 0x0000013ec32af5a0 Exception <a 'java/lang/NullPointerException'{0x0000000772453d78}> (0x0000000772453d78) 
thrown [t:\workspace\open\src\hotspot\share\runtime\sharedRuntime.cpp, line 628]
Event: 362.678 Thread 0x0000013ec32af5a0 Implicit null exception at 0x0000013ea927e0df to 0x0000013ea92836fe
Event: 362.678 Thread 0x0000013ec32af5a0 Exception <a 'java/lang/NullPointerException'{0x0000000772607a38}> (0x0000000772607a38) 
thrown [t:\workspace\open\src\hotspot\share\runtime\sharedRuntime.cpp, line 628]
Event: 362.730 Thread 0x0000013ec32af5a0 Implicit null exception at 0x0000013ea927e0df to 0x0000013ea92836fe
Event: 362.730 Thread 0x0000013ec32af5a0 Exception <a 'java/lang/NullPointerException'{0x00000007727ba820}> (0x00000007727ba820) 
thrown [t:\workspace\open\src\hotspot\share\runtime\sharedRuntime.cpp, line 628]
Event: 362.780 Thread 0x0000013ec32af5a0 Implicit null exception at 0x0000013ea927e0df to 0x0000013ea92836fe
Event: 362.780 Thread 0x0000013ec32af5a0 Exception <a 'java/lang/NullPointerException'{0x000000077296e470}> (0x000000077296e470) 
thrown [t:\workspace\open\src\hotspot\share\runtime\sharedRuntime.cpp, line 628]
Event: 362.830 Thread 0x0000013ec32af5a0 Implicit null exception at 0x0000013ea927e0df to 0x0000013ea92836fe
Event: 362.830 Thread 0x0000013ec32af5a0 Exception <a 'java/lang/NullPointerException'{0x0000000772acf960}> (0x0000000772acf960) 
thrown [t:\workspace\open\src\hotspot\share\runtime\sharedRuntime.cpp, line 628]

VM Operations (20 events):
Event: 352.500 Executing VM operation: G1CollectForAllocation
Event: 352.501 Executing VM operation: G1CollectForAllocation done
Event: 353.598 Executing VM operation: G1CollectForAllocation
Event: 353.600 Executing VM operation: G1CollectForAllocation done
Event: 354.600 Executing VM operation: Cleanup
Event: 354.601 Executing VM operation: Cleanup done
Event: 354.685 Executing VM operation: G1CollectForAllocation
Event: 354.687 Executing VM operation: G1CollectForAllocation done
Event: 355.774 Executing VM operation: G1CollectForAllocation
Event: 355.776 Executing VM operation: G1CollectForAllocation done
Event: 356.900 Executing VM operation: G1CollectForAllocation
Event: 356.901 Executing VM operation: G1CollectForAllocation done
Event: 358.664 Executing VM operation: G1CollectForAllocation
Event: 358.665 Executing VM operation: G1CollectForAllocation done
Event: 360.174 Executing VM operation: G1CollectForAllocation
Event: 360.176 Executing VM operation: G1CollectForAllocation done
Event: 361.308 Executing VM operation: G1CollectForAllocation
Event: 361.309 Executing VM operation: G1CollectForAllocation done
Event: 362.310 Executing VM operation: Cleanup
Event: 362.310 Executing VM operation: Cleanup done

Events (20 events):
Event: 344.991 Thread 0x0000013efe6dd7c0 Thread added: 0x0000013efe6dd7c0
Event: 345.643 Thread 0x0000013efe6dd7c0 Thread exited: 0x0000013efe6dd7c0
Event: 345.643 Thread 0x0000013efe6dbe70 Thread exited: 0x0000013efe6dbe70
Event: 361.965 Thread 0x0000013ee3cc3f80 Thread exited: 0x0000013ee3cc3f80
Event: 361.965 Thread 0x0000013ee3ccae30 Thread exited: 0x0000013ee3ccae30
Event: 361.965 Thread 0x0000013ee3cc5790 Thread exited: 0x0000013ee3cc5790
Event: 361.965 Thread 0x0000013ee3cca960 Thread exited: 0x0000013ee3cca960
Event: 361.965 Thread 0x0000013ee3cc7940 Thread exited: 0x0000013ee3cc7940
Event: 361.965 Thread 0x0000013ee3cc6600 Thread exited: 0x0000013ee3cc6600
Event: 361.965 Thread 0x0000013ee3cc4920 Thread exited: 0x0000013ee3cc4920
Event: 361.965 Thread 0x0000013ee3ccb7d0 Thread exited: 0x0000013ee3ccb7d0
Event: 361.965 Thread 0x0000013ee3cc8c80 Thread exited: 0x0000013ee3cc8c80
Event: 361.965 Thread 0x0000013ee3ccb300 Thread exited: 0x0000013ee3ccb300
Event: 361.965 Thread 0x0000013ee3cc87b0 Thread exited: 0x0000013ee3cc87b0
Event: 361.965 Thread 0x0000013ee3cc6ad0 Thread exited: 0x0000013ee3cc6ad0
Event: 361.965 Thread 0x0000013ee3cc82e0 Thread exited: 0x0000013ee3cc82e0
Event: 361.965 Thread 0x0000013ee3cc7e10 Thread exited: 0x0000013ee3cc7e10
Event: 362.308 Thread 0x0000013ee3cc4df0 Thread exited: 0x0000013ee3cc4df0
Event: 362.836 Thread 0x0000013e9ff371b0 Thread exited: 0x0000013e9ff371b0
Event: 362.836 Thread 0x0000013ec32b08e0 Thread added: 0x0000013ec32b08e0


Dynamic libraries:
0x00007ff7bd310000 - 0x00007ff7bd320000 	C:\Program Files\Java\jdk-17.0.1\bin\java.exe
0x00007ffae0830000 - 0x00007ffae0a28000 	C:\windows\SYSTEM32\ntdll.dll
0x00007ffae0720000 - 0x00007ffae07e2000 	C:\windows\System32\KERNEL32.DLL
0x00007ffade430000 - 0x00007ffade72f000 	C:\windows\System32\KERNELBASE.dll
0x00007ffade080000 - 0x00007ffade180000 	C:\windows\System32\ucrtbase.dll
0x00007ffaa7250000 - 0x00007ffaa726a000 	C:\Program Files\Java\jdk-17.0.1\bin\VCRUNTIME140.dll
0x00007ffaa7600000 - 0x00007ffaa7618000 	C:\Program Files\Java\jdk-17.0.1\bin\jli.dll
0x00007ffade8a0000 - 0x00007ffade951000 	C:\windows\System32\ADVAPI32.dll
0x00007ffae0570000 - 0x00007ffae060e000 	C:\windows\System32\msvcrt.dll
0x00007ffadea10000 - 0x00007ffadeaaf000 	C:\windows\System32\sechost.dll
0x00007ffadf300000 - 0x00007ffadf423000 	C:\windows\System32\RPCRT4.dll
0x00007ffade810000 - 0x00007ffade837000 	C:\windows\System32\bcrypt.dll
0x00007ffae0290000 - 0x00007ffae042d000 	C:\windows\System32\USER32.dll
0x00007ffaddec0000 - 0x00007ffaddee2000 	C:\windows\System32\win32u.dll
0x00007ffad0430000 - 0x00007ffad06ca000 	C:\windows\WinSxS\amd64_microsoft.windows.common-controls_6595b64144ccf1df_6.0.19041.4355_none_60b8b9eb71f62e16\COMCTL32.dll
0x00007ffae0610000 - 0x00007ffae063b000 	C:\windows\System32\GDI32.dll
0x00007ffaddef0000 - 0x00007ffade007000 	C:\windows\System32\gdi32full.dll
0x00007ffade230000 - 0x00007ffade2cd000 	C:\windows\System32\msvcp_win.dll
0x00007ffad72a0000 - 0x00007ffad72aa000 	C:\windows\SYSTEM32\VERSION.dll
0x00007ffadfa40000 - 0x00007ffadfa6f000 	C:\windows\System32\IMM32.DLL
0x00007ffac5000000 - 0x00007ffac500c000 	C:\Program Files\Java\jdk-17.0.1\bin\vcruntime140_1.dll
0x00007ffa3ca20000 - 0x00007ffa3caad000 	C:\Program Files\Java\jdk-17.0.1\bin\msvcp140.dll
0x00007ffa22400000 - 0x00007ffa22fbe000 	C:\Program Files\Java\jdk-17.0.1\bin\server\jvm.dll
0x00007ffadf1b0000 - 0x00007ffadf1b8000 	C:\windows\System32\PSAPI.DLL
0x00007ffada3f0000 - 0x00007ffada3f9000 	C:\windows\SYSTEM32\WSOCK32.dll
0x00007fface570000 - 0x00007fface597000 	C:\windows\SYSTEM32\WINMM.dll
0x00007ffae0500000 - 0x00007ffae056b000 	C:\windows\System32\WS2_32.dll
0x00007ffadbd60000 - 0x00007ffadbd72000 	C:\windows\SYSTEM32\kernel.appcore.dll
0x00007ffabc900000 - 0x00007ffabc90a000 	C:\Program Files\Java\jdk-17.0.1\bin\jimage.dll
0x00007ffaccab0000 - 0x00007ffaccc94000 	C:\windows\SYSTEM32\DBGHELP.DLL
0x00007ffab8280000 - 0x00007ffab82b4000 	C:\windows\SYSTEM32\dbgcore.DLL
0x00007ffade730000 - 0x00007ffade7b2000 	C:\windows\System32\bcryptPrimitives.dll
0x00007ffaa5970000 - 0x00007ffaa5995000 	C:\Program Files\Java\jdk-17.0.1\bin\java.dll
0x00007ffa3c940000 - 0x00007ffa3ca16000 	C:\Program Files\Java\jdk-17.0.1\bin\svml.dll
0x00007ffadfb20000 - 0x00007ffae028e000 	C:\windows\System32\SHELL32.dll
0x00007ffadbf60000 - 0x00007ffadc704000 	C:\windows\SYSTEM32\windows.storage.dll
0x00007ffadf430000 - 0x00007ffadf785000 	C:\windows\System32\combase.dll
0x00007ffadd8f0000 - 0x00007ffadd91f000 	C:\windows\SYSTEM32\Wldp.dll
0x00007ffae0430000 - 0x00007ffae04fd000 	C:\windows\System32\OLEAUT32.dll
0x00007ffadfa70000 - 0x00007ffadfb1d000 	C:\windows\System32\SHCORE.dll
0x00007ffade840000 - 0x00007ffade895000 	C:\windows\System32\shlwapi.dll
0x00007ffadddf0000 - 0x00007ffadde14000 	C:\windows\SYSTEM32\profapi.dll
0x00007ffaa66c0000 - 0x00007ffaa66d9000 	C:\Program Files\Java\jdk-17.0.1\bin\net.dll
0x00007ffad81a0000 - 0x00007ffad82ad000 	C:\windows\SYSTEM32\WINHTTP.dll
0x00007ffadd650000 - 0x00007ffadd6ba000 	C:\windows\system32\mswsock.dll
0x00007ffaa09d0000 - 0x00007ffaa09e5000 	C:\Program Files\Java\jdk-17.0.1\bin\nio.dll
0x00007ffa9daf0000 - 0x00007ffa9db08000 	C:\Program Files\Java\jdk-17.0.1\bin\zip.dll
0x00007ffab3bb0000 - 0x00007ffab3bc0000 	C:\Program Files\Java\jdk-17.0.1\bin\verify.dll
0x00007ffadd850000 - 0x00007ffadd868000 	C:\windows\SYSTEM32\CRYPTSP.dll
0x00007ffadcf00000 - 0x00007ffadcf34000 	C:\windows\system32\rsaenh.dll
0x00007ffadddb0000 - 0x00007ffadddde000 	C:\windows\SYSTEM32\USERENV.dll
0x00007ffadd840000 - 0x00007ffadd84c000 	C:\windows\SYSTEM32\CRYPTBASE.dll
0x00007ffadd2e0000 - 0x00007ffadd31b000 	C:\windows\SYSTEM32\IPHLPAPI.DLL
0x00007ffaded20000 - 0x00007ffaded28000 	C:\windows\System32\NSI.dll
0x00007ffad8670000 - 0x00007ffad8687000 	C:\windows\SYSTEM32\dhcpcsvc6.DLL
0x00007ffad9f90000 - 0x00007ffad9fad000 	C:\windows\SYSTEM32\dhcpcsvc.DLL
0x00007ffadd320000 - 0x00007ffadd3ea000 	C:\windows\SYSTEM32\DNSAPI.dll
0x00007ffac5030000 - 0x00007ffac5075000 	C:\Users\kaden\AppData\Local\Temp\jna-101805815\jna16918163628377295843.dll
0x00007ffadeab0000 - 0x00007ffadebdb000 	C:\windows\System32\Ole32.dll
0x00007ffade960000 - 0x00007ffadea09000 	C:\windows\System32\clbcatq.dll
0x00007ffad3740000 - 0x00007ffad375f000 	C:\windows\SYSTEM32\amsi.dll
0x00007ffad36b0000 - 0x00007ffad3733000 	C:\ProgramData\Microsoft\Windows Defender\Platform\4.18.24090.11-0\MpOav.dll
0x00007ffab2c40000 - 0x00007ffab2c49000 	C:\Program Files\Java\jdk-17.0.1\bin\management.dll
0x00007ffaaf3d0000 - 0x00007ffaaf3db000 	C:\Program Files\Java\jdk-17.0.1\bin\management_ext.dll
0x00007ffaa67b0000 - 0x00007ffaa682a000 	C:\Users\kaden\AppData\Local\Temp\lwjgl_kaden\3.3.2+13\x64\lwjgl.dll
0x00007ffa5fe70000 - 0x00007ffa5febd000 	C:\Users\kaden\AppData\Local\Temp\lwjgl_kaden\3.3.2+13\x64\steam_api64.dll
0x00007ffa3c8e0000 - 0x00007ffa3c933000 	C:\Users\kaden\AppData\Local\Temp\lwjgl_kaden\3.3.2+13\x64\steamworks4j64.dll
0x00007ffade2d0000 - 0x00007ffade42c000 	C:\windows\System32\CRYPT32.dll
0x00007ffaded00000 - 0x00007ffaded1d000 	C:\windows\System32\imagehlp.dll
0x00007ffaded30000 - 0x00007ffadf1a1000 	C:\windows\System32\SETUPAPI.dll
0x00007ffade7c0000 - 0x00007ffade80e000 	C:\windows\System32\cfgmgr32.dll
0x00007ffa37520000 - 0x00007ffa376b9000 	C:\Program Files (x86)\Steam\gameoverlayrenderer64.dll
0x00007ffa37060000 - 0x00007ffa371ef000 	C:\Program Files\Java\jdk-17.0.1\bin\awt.dll
0x00007ffada400000 - 0x00007ffada494000 	C:\windows\SYSTEM32\apphelp.dll
0x00007ffa38cd0000 - 0x00007ffa38d52000 	C:\Users\kaden\AppData\Local\Temp\lwjgl_kaden\3.3.2+13\x64\glfw.dll
0x00007ffa3de40000 - 0x00007ffa3de85000 	C:\windows\SYSTEM32\dinput8.dll
0x00007ffad3450000 - 0x00007ffad35a2000 	C:\windows\SYSTEM32\inputhost.dll
0x00007ffada840000 - 0x00007ffada997000 	C:\windows\SYSTEM32\wintypes.dll
0x00007ffad9fb0000 - 0x00007ffada0a2000 	C:\windows\SYSTEM32\CoreMessaging.dll
0x00007ffadb140000 - 0x00007ffadb236000 	C:\windows\SYSTEM32\PROPSYS.dll
0x00007ffad9ba0000 - 0x00007ffad9efb000 	C:\windows\SYSTEM32\CoreUIComponents.dll
0x00007ffadd150000 - 0x00007ffadd183000 	C:\windows\SYSTEM32\ntmarta.dll
0x00007ffa89950000 - 0x00007ffa89961000 	C:\windows\SYSTEM32\xinput1_4.dll
0x00007ffaddc50000 - 0x00007ffaddc83000 	C:\windows\SYSTEM32\DEVOBJ.dll
0x00007ffadba60000 - 0x00007ffadba8f000 	C:\windows\SYSTEM32\dwmapi.dll
0x00007ffadb7d0000 - 0x00007ffadb86e000 	C:\windows\system32\uxtheme.dll
0x00007ffadebe0000 - 0x00007ffadecf5000 	C:\windows\System32\MSCTF.dll
0x00007ffa597b0000 - 0x00007ffa598d8000 	C:\windows\SYSTEM32\opengl32.dll
0x00007ffaaea70000 - 0x00007ffaaea9c000 	C:\windows\SYSTEM32\GLU32.dll
0x00007ff9f67f0000 - 0x00007ff9f8dd8000 	C:\windows\System32\DriverStore\FileRepository\nv_dispig.inf_amd64_0afec3f2050014a0\nvoglv64.dll
0x00007ffad8960000 - 0x00007ffad8974000 	C:\windows\SYSTEM32\WTSAPI32.dll
0x00007ffadda80000 - 0x00007ffadda92000 	C:\windows\SYSTEM32\msasn1.dll
0x00007ffad5210000 - 0x00007ffad5241000 	C:\windows\SYSTEM32\cryptnet.dll
0x00007ffad70f0000 - 0x00007ffad7237000 	C:\windows\SYSTEM32\drvstore.dll
0x00007ffade010000 - 0x00007ffade079000 	C:\windows\System32\WINTRUST.dll
0x00007ffad06d0000 - 0x00007ffad26be000 	C:\windows\System32\DriverStore\FileRepository\nv_dispig.inf_amd64_0afec3f2050014a0\nvgpucomp64.dll
0x00007ffad5250000 - 0x00007ffad528b000 	C:\windows\SYSTEM32\dxcore.dll
0x00007ffa672e0000 - 0x00007ffa675b0000 	C:\windows\system32\nvspcap64.dll
0x00007ffadd400000 - 0x00007ffadd44b000 	C:\windows\SYSTEM32\powrprof.dll
0x00007ffadd2c0000 - 0x00007ffadd2d2000 	C:\windows\SYSTEM32\UMPDC.dll
0x00007ffadcb80000 - 0x00007ffadcbdb000 	C:\windows\SYSTEM32\WINSTA.dll
0x00007ffadc750000 - 0x00007ffadc846000 	C:\windows\SYSTEM32\dxgi.dll
0x00007ffad8f40000 - 0x00007ffad91a3000 	C:\windows\SYSTEM32\d3d11.dll
0x00007ffad4fb0000 - 0x00007ffad5071000 	C:\windows\System32\DriverStore\FileRepository\nv_dispig.inf_amd64_0afec3f2050014a0\nvldumdx.dll
0x00007ffac8990000 - 0x00007ffaccaac000 	C:\windows\System32\DriverStore\FileRepository\nv_dispig.inf_amd64_0afec3f2050014a0\nvwgf2umx.dll
0x00007ffaa03e0000 - 0x00007ffaa0535000 	C:\windows\System32\DriverStore\FileRepository\nv_dispig.inf_amd64_0afec3f2050014a0\nvppex.dll
0x00007ffad45a0000 - 0x00007ffad4c93000 	C:\windows\SYSTEM32\nvapi64.dll
0x00007ffad7d30000 - 0x00007ffad7db5000 	C:\windows\System32\MMDevApi.dll
0x00007ffad7630000 - 0x00007ffad77b1000 	C:\windows\SYSTEM32\AUDIOSES.DLL
0x00007ffa39b70000 - 0x00007ffa39bce000 	C:\Users\kaden\AppData\Local\Temp\lwjgl_kaden\3.3.2+13\x64\lwjgl_opengl.dll
0x00007ffad3350000 - 0x00007ffad3449000 	C:\windows\SYSTEM32\textinputframework.dll
0x00007ffa25600000 - 0x00007ffa257c5000 	C:\Users\kaden\AppData\Local\Temp\lwjgl_kaden\3.3.2+13\x64\OpenAL.dll
0x00007ffadb960000 - 0x00007ffadb974000 	C:\windows\SYSTEM32\resourcepolicyclient.dll
0x00007ffa38c40000 - 0x00007ffa38cc2000 	C:\Users\kaden\AppData\Local\Temp\lwjgl_kaden\3.3.2+13\x64\lwjgl_stb.dll
0x00007ffad6c60000 - 0x00007ffad6d0e000 	C:\windows\SYSTEM32\mscms.dll
0x00007ffad6c10000 - 0x00007ffad6c21000 	C:\windows\SYSTEM32\ColorAdapterClient.dll
0x00007ffa3d240000 - 0x00007ffa3d285000 	C:\windows\SYSTEM32\icm32.dll
0x00007ffaa67a0000 - 0x00007ffaa67ae000 	C:\Program Files\Java\jdk-17.0.1\bin\instrument.dll
0x00007ffacef00000 - 0x00007ffacef0a000 	C:\Windows\System32\rasadhlp.dll
0x00007ffacecb0000 - 0x00007ffaced30000 	C:\windows\System32\fwpuclnt.dll

dbghelp: loaded successfully - version: 4.0.5 - missing functions: none
symbol engine: initialized successfully - sym options: 0x614 - pdb path: .;C:\Program Files\Java\jdk-17.0.1\bin;C:\windows\SYSTEM32;C:\windows\WinSxS\amd64_microsoft.windows.common-controls_6595b64144ccf1df_6.0.19041.4355_none_60b8b9eb71f62e16;C:\Program Files\Java\jdk-17.0.1\bin\server;C:\Users\kaden\AppData\Local\Temp\jna-101805815;C:\ProgramData\Microsoft\Windows Defender\Platform\4.18.24090.11-0;C:\Users\kaden\AppData\Local\Temp\lwjgl_kaden\3.3.2+13\x64;C:\Program Files (x86)\Steam;C:\windows\System32\DriverStore\FileRepository\nv_dispig.inf_amd64_0afec3f2050014a0

VM Arguments:
jvm_args: -XX:+UnlockExperimentalVMOptions -XX:+UseG1GC -XX:G1NewSizePercent=20 -XX:G1ReservePercent=20 -XX:MaxGCPauseMillis=50 -XX:G1HeapRegionSize=32M -Xms512m -Xmx3G -Dfile.encoding=windows-1252 -Duser.country=US -Duser.language=en -Duser.variant 
java_command: StartSteamClient -mod build/jar
java_class_path (initial): C:\Program Files (x86)\Steam\steamapps\common\Necesse\Necesse.jar
Launcher Type: SUN_STANDARD

[Global flags]
     intx CICompilerCount                          = 12                                        {product} {ergonomic}
     uint ConcGCThreads                            = 3                                         {product} {ergonomic}
     uint G1ConcRefinementThreads                  = 13                                        {product} {ergonomic}
     uint G1EagerReclaimRemSetThreshold            = 256                                  {experimental} {ergonomic}
   size_t G1HeapRegionSize                         = 33554432                                  {product} {command line}
    uintx G1NewSizePercent                         = 20                                   {experimental} {command line}
    uintx G1ReservePercent                         = 20                                        {product} {command line}
    uintx GCDrainStackTargetSize                   = 64                                        {product} {ergonomic}
   size_t InitialHeapSize                          = 536870912                                 {product} {command line}
   size_t MarkStackSize                            = 4194304                                   {product} {ergonomic}
    uintx MaxGCPauseMillis                         = 50                                        {product} {command line}
   size_t MaxHeapSize                              = 3221225472                                {product} {command line}
   size_t MaxNewSize                               = 1912602624                                {product} {ergonomic}
   size_t MinHeapDeltaBytes                        = 33554432                                  {product} {ergonomic}
   size_t MinHeapSize                              = 536870912                                 {product} {command line}
    uintx NonNMethodCodeHeapSize                   = 7602480                                {pd product} {ergonomic}
    uintx NonProfiledCodeHeapSize                  = 122027880                              {pd product} {ergonomic}
    uintx ProfiledCodeHeapSize                     = 122027880                              {pd product} {ergonomic}
    uintx ReservedCodeCacheSize                    = 251658240                              {pd product} {ergonomic}
     bool SegmentedCodeCache                       = true                                      {product} {ergonomic}
   size_t SoftMaxHeapSize                          = 3221225472                             {manageable} {ergonomic}
     bool UnlockExperimentalVMOptions              = true                                 {experimental} {command line}
     bool UseCompressedClassPointers               = true                           {product lp64_product} {ergonomic}
     bool UseCompressedOops                        = true                           {product lp64_product} {ergonomic}
     bool UseFastUnorderedTimeStamps               = true                                 {experimental} {ergonomic}
     bool UseG1GC                                  = true                                      {product} {command line}
     bool UseLargePagesIndividualAllocation        = false                                  {pd product} {ergonomic}

Logging:
Log output configuration:
 #0: stdout all=warning uptime,level,tags
 #1: stderr all=off uptime,level,tags

Environment Variables:
PATH=C:\Program Files\Common Files\Oracle\Java\javapath;C:\Windows\system32;C:\Windows;C:\Windows\System32\Wbem;C:\Windows\System32\WindowsPowerShell\v1.0\;C:\Windows\System32\OpenSSH\;C:\Program Files\NVIDIA Corporation\NVIDIA NvDLISR;C:\Program Files (x86)\NVIDIA Corporation\PhysX\Common;C:\Program Files\dotnet\;C:\Program Files (x86)\Windows Kits\10\Windows Performance Toolkit\;C:\Users\kaden\AppData\Local\Programs\Python\Launcher\;C:\Users\kaden\AppData\Local\Microsoft\WindowsApps;;C:\Users\kaden\AppData\Local\Programs\Microsoft VS Code\bin
USERNAME=kaden
OS=Windows_NT
PROCESSOR_IDENTIFIER=Intel64 Family 6 Model 165 Stepping 5, GenuineIntel



---------------  S Y S T E M  ---------------

OS:
 Windows 10 , 64 bit Build 19041 (10.0.19041.5198)
OS uptime: 6 days 3:04 hours

CPU: total 16 (initial active 16) (8 cores per cpu, 2 threads per core) family 6 model 165 stepping 5 microcode 0xec, cx8, cmov, fxsr, ht, mmx, 3dnowpref, sse, sse2, sse3, ssse3, sse4.1, sse4.2, popcnt, lzcnt, tsc, tscinvbit, avx, avx2, aes, erms, clmul, bmi1, bmi2, adx, fma, vzeroupper, clflush, clflushopt

Memory: 4k page, system-wide physical 32689M (15743M free)
TotalPageFile size 37297M (AvailPageFile size 12117M)
current process WorkingSet (physical memory assigned to process): 1440M, peak: 1918M
current process commit charge ("private bytes"): 1782M, peak: 4130M

vm_info: Java HotSpot(TM) 64-Bit Server VM (17.0.1+12-LTS-39) for windows-amd64 JRE (17.0.1+12-LTS-39), built on Sep 27 2021 18:41:35 by "mach5one" with MS VC++ 16.8 (VS2019)

END.
