--- Necesse crash log ---
Generated on: 2024-12-07 21h57m37s
At C:\Users\kaden\Desktop\Creative Content\Stuff for Games\VulpesNova-master\latest-crash.log
Game state: Server packet crash
Game version: 0.28.1
Game language: en
Steam build: null
Steam name: null
Authentication: 76561198404744877
Launch parameters: "-mod build/jar"
Found 1 loaded mods:
	vulpesnova.mod, v2.01.2 - Vulpes Nova
Found 12 not enabled mods:
	enderstestequipment.mod, v1.0 - Enders Test Equipment (3338327217)
	aphorea, v0.3.2.5 - Aphorea Mod (3268603061)
	kkdj20.chestsexpanded, v0.92 - Chests Expanded (2837915240)
	craftabledevitems.mod, v1.0.1 - Craftable Dev Items (3346682305)
	zarwald.foxesmod, v1.8 - Foxes Mod (3177773223)
	fair.legacytextures, v1.0 - Legacy Textures (3303429144)
	lootboxes.mod, v1.1 - Loot Boxes (3336910590)
	gagadoliano.monsterpetsmod, v1.9 - Monster Pets Mod (2861179886)
	ragno.ragnosresources, v0.3 - Ragnos Resourcepack (2910546071)
	endzio.soulchasm, v2.3.7 - Soul Chasm (3123441229)
	epoc.spawnbossutilitymod, v1.2 - Spawn Boss Utility Mod (3347624367)
	ultraverse, v1.0.2 - UltraVerse (3324311763)

Exceptions:
java.lang.NullPointerException: Cannot invoke "necesse.engine.registries.MobRegistry$MobRegistryElement.newInstance(Object[])" because the return value of "necesse.engine.registries.MobRegistry.getElement(int)" is null
	at necesse.engine.registries.MobRegistry.getMob(MobRegistry.java:794)
	at necesse.engine.registries.MobRegistry.getMob(MobRegistry.java:809)
	at necesse.inventory.item.placeableItem.MobSpawnItem.onPlace(MobSpawnItem.java:41)
	at necesse.inventory.item.placeableItem.PlaceableItem.onAttack(PlaceableItem.java:108)
	at necesse.entity.mobs.PlayerMob.runAttack(PlayerMob.java:2296)
	at necesse.engine.network.packet.PacketPlayerAttack.processServer(PacketPlayerAttack.java:81)
	at necesse.engine.network.NetworkPacket.processServer(NetworkPacket.java:232)
	at necesse.engine.network.server.Server.processPacket(Server.java:263)
	at necesse.engine.network.server.Server.frameTick(Server.java:175)
	at necesse.engine.gameLoop.ServerGameLoop.lambda$update$0(ServerGameLoop.java:44)
	at necesse.engine.gameLoop.tickManager.PerformanceTimerManager.recordPerformance(PerformanceTimerManager.java:105)
	at necesse.engine.gameLoop.tickManager.Performance.record(Performance.java:10)
	at necesse.engine.gameLoop.ServerGameLoop.lambda$update$1(ServerGameLoop.java:43)
	at necesse.engine.gameLoop.tickManager.PerformanceTimerManager.recordConstantPerformance(PerformanceTimerManager.java:113)
	at necesse.engine.gameLoop.tickManager.Performance.recordConstant(Performance.java:16)
	at necesse.engine.gameLoop.ServerGameLoop.update(ServerGameLoop.java:40)
	at necesse.engine.gameLoop.tickManager.TickManager.tickLogic(TickManager.java:98)
	at necesse.engine.gameLoop.GameLoop.runMainGameLoop(GameLoop.java:19)
	at necesse.engine.server.ServerTickThread.run(ServerTickThread.java:29)

Username: kaden
OS: Microsoft Windows 10 build 19045
OS arch: amd64
CPU: Intel(R) Core(TM) i7-10700KF CPU @ 3.80GHz
Memory total: 34.28 GB
Memory used: 19.05 GB
Java path: C:\Program Files\Java\jdk-17.0.1
Java version: 17.0.1
JVM arguments:
	-XX:+UnlockExperimentalVMOptions
	-XX:+UseG1GC
	-XX:G1NewSizePercent=20
	-XX:G1ReservePercent=20
	-XX:MaxGCPauseMillis=50
	-XX:G1HeapRegionSize=32M
	-Xms512m
	-Xmx3G
	-Dfile.encoding=windows-1252
	-Duser.country=US
	-Duser.language=en
	-Duser.variant
LWJGL version: 3.3.2+13
AppData path: C:\Users\kaden\AppData\Roaming\Necesse\
Working dir: C:\Users\kaden\Desktop\Creative Content\Stuff for Games\VulpesNova-master
Natives path: C:\Users\kaden\AppData\Local\Temp\lwjgl_kaden\3.3.2+13\x64
JVM memory max: 3.22 GB
JVM memory used: 528.16 MB / 805.31 MB (65.58%)

Graphics card: NVIDIA Corporation, NVIDIA GeForce RTX 3070/PCIe/SSE2
OpenGL version: 4.6.0 NVIDIA 560.94
Found 2 displays:
	27G2G4 (AOC, 2702)
	27G2G4 (AOC, 2702)
FBO: GL30

Running server: Yes
Server network: LOCAL
Server network in: 150 B/s (21), Total: 27.12 kB (1305)
Server network out: 598 B/s (113), Total: 986.53 kB (2530)
Server save name: C:\Users\kaden\AppData\Roaming\Necesse\saves\worlds\asdzxc.zip
Server world time: 488, day 45
Server game time: 37427329
Server local time: 75171
Server ticks: 3516
Players online: 1
	Slot 0: FLATND at -7504x-4501d0
Loaded levels: 1
	-7504x-4501d0, Size: 300x300, Biome: snow, Entities: 79, Mobs: 42, Projectiles: 0, Pickups: 9

Running client: Yes
Client network: LOCAL
Client network in: 598 B/s (113), Total: 986.53 kB (2530)
Client network out: 150 B/s (21), Total: 27.12 kB (1305)
Client world time: 488, day 45
Client game time: 37427355
Client local time: 76669
Client slot: 0/1
Client level: -7504x-4501d0, Size: 300x300, Biome: snow, Entities: 79, Mobs: 42, Projectiles: 0, Pickups: 9
